
Go :: 221
Mediterranean Avenue :: 148
Community Chest :: 160
Baltic Avenue :: 140
Income Tax :: 165
Reading Railroad :: 194
Oriental Avenue :: 174
Chance :: 133
Vermont Avenue :: 184
Connecticut Avenue :: 157
In Jail/Just Visiting :: 461
St. Charles Place :: 192
Electric Company :: 159
States Avenue :: 167
Virginia Avenue :: 187
Pennsylvania Railroad :: 191
St. James Place :: 223
Community Chest :: 217
Tennessee Avenue :: 206
New York Avenue :: 216
Free Parking :: 209
Kentucky Avenue :: 199
Chance :: 215
Indiana Avenue :: 190
Illinois Avenue :: 228
B. & O. Railroad :: 203
Alantic Avenue :: 181
Ventnor Avenue :: 189
Water Works :: 195
Marvin Gardens :: 192
Go To Jail :: 199
Pacific Avenue :: 188
North Carolina AVenue :: 185
Community Chest :: 163
Pennsylvania Avenue :: 204
Short Line :: 147
Chance :: 155
Park Place :: 158
Luxury Tax :: 155
Boardwalk :: 188

