
Go :: 21
Mediterranean Avenue :: 13
Community Chest :: 19
Baltic Avenue :: 18
Income Tax :: 14
Reading Railroad :: 16
Oriental Avenue :: 18
Chance :: 10
Vermont Avenue :: 21
Connecticut Avenue :: 16
In Jail/Just Visiting :: 48
St. Charles Place :: 23
Electric Company :: 15
States Avenue :: 22
Virginia Avenue :: 17
Pennsylvania Railroad :: 19
St. James Place :: 17
Community Chest :: 20
Tennessee Avenue :: 29
New York Avenue :: 23
Free Parking :: 23
Kentucky Avenue :: 10
Chance :: 18
Indiana Avenue :: 14
Illinois Avenue :: 20
B. & O. Railroad :: 20
Alantic Avenue :: 23
Ventnor Avenue :: 24
Water Works :: 28
Marvin Gardens :: 15
Go To Jail :: 16
Pacific Avenue :: 16
North Carolina AVenue :: 15
Community Chest :: 21
Pennsylvania Avenue :: 19
Short Line :: 18
Chance :: 14
Park Place :: 11
Luxury Tax :: 17
Boardwalk :: 18

