
Go :: 232
Mediterranean Avenue :: 175
Community Chest :: 150
Baltic Avenue :: 150
Income Tax :: 179
Reading Railroad :: 200
Oriental Avenue :: 164
Chance :: 175
Vermont Avenue :: 168
Connecticut Avenue :: 176
In Jail/Just Visiting :: 436
St. Charles Place :: 214
Electric Company :: 172
States Avenue :: 174
Virginia Avenue :: 183
Pennsylvania Railroad :: 208
St. James Place :: 211
Community Chest :: 208
Tennessee Avenue :: 177
New York Avenue :: 229
Free Parking :: 197
Kentucky Avenue :: 211
Chance :: 191
Indiana Avenue :: 207
Illinois Avenue :: 232
B. & O. Railroad :: 185
Alantic Avenue :: 178
Ventnor Avenue :: 197
Water Works :: 198
Marvin Gardens :: 189
Go To Jail :: 193
Pacific Avenue :: 187
North Carolina AVenue :: 183
Community Chest :: 200
Pennsylvania Avenue :: 172
Short Line :: 178
Chance :: 160
Park Place :: 157
Luxury Tax :: 145
Boardwalk :: 189

