Num Players: 6 Turns: 1000
Verbose: 0

Go :: 205
Mediterranean Avenue :: 143
Community Chest :: 159
Baltic Avenue :: 136
Income Tax :: 160
Reading Railroad :: 209
Oriental Avenue :: 150
Chance :: 157
Vermont Avenue :: 161
Connecticut Avenue :: 160
In Jail/Just Visiting :: 411
St. Charles Place :: 210
Electric Company :: 182
States Avenue :: 151
Virginia Avenue :: 177
Pennsylvania Railroad :: 147
St. James Place :: 208
Community Chest :: 201
Tennessee Avenue :: 206
New York Avenue :: 190
Free Parking :: 181
Kentucky Avenue :: 184
Chance :: 186
Indiana Avenue :: 204
Illinois Avenue :: 209
B. & O. Railroad :: 196
Alantic Avenue :: 192
Ventnor Avenue :: 185
Water Works :: 174
Marvin Gardens :: 169
Go To Jail :: 178
Pacific Avenue :: 188
North Carolina AVenue :: 176
Community Chest :: 194
Pennsylvania Avenue :: 179
Short Line :: 169
Chance :: 161
Park Place :: 150
Luxury Tax :: 139
Boardwalk :: 158
