This is pdfeTeX, Version 3.141592-1.20a-2.2 (Web2C 7.5.3) (format=pdflatex 2005.8.22)  8 DEC 2006 09:11
entering extended mode
**csa274_final_exam.tex
(./csa274_final_exam.tex
LaTeX2e <2003/12/01>
Babel <v3.8d> and hyphenation patterns for american, french, german, ngerman, d
utch, italian, norsk, portuges, spanish, swedish, nohyphenation, loaded.
(/usr/local/teTeX/share/texmf.tetex/tex/latex/exam/exam.cls
Document Class: exam 2004/08/14 Version 2.2 by Philip Hirschhorn
(/usr/local/teTeX/share/texmf.tetex/tex/latex/base/ifthen.sty
Package: ifthen 2001/05/26 v1.1c Standard LaTeX ifthen package (DPC)
)
(/usr/local/teTeX/share/texmf.tetex/tex/latex/base/article.cls
Document Class: article 2004/02/16 v1.4f Standard LaTeX document class
(/usr/local/teTeX/share/texmf.tetex/tex/latex/base/size11.clo
File: size11.clo 2004/02/16 v1.4f Standard LaTeX file (size option)
)
\c@part=\count79
\c@section=\count80
\c@subsection=\count81
\c@subsubsection=\count82
\c@paragraph=\count83
\c@subparagraph=\count84
\c@figure=\count85
\c@table=\count86
\abovecaptionskip=\skip41
\belowcaptionskip=\skip42
\bibindent=\dimen102
)
\@extrawidth=\skip43
\@rightmargin=\skip44
\@extrahead=\skip45
\@extrafoot=\skip46
\run@exhd=\skip47
\fp@exhd=\skip48
\run@exft=\skip49
\fp@exft=\skip50
\covrun@exhd=\skip51
\covfp@exhd=\skip52
\covrun@exft=\skip53
\covfp@exft=\skip54
\c@latest@ques=\count87
\c@ques@end=\count88
\c@last@part=\count89
\c@last@subpart=\count90
\c@last@subsubpart=\count91
\c@incmp@ques=\count92
\c@next@ques=\count93
\c@nextq@page=\count94
\c@tmp@hlfcntr=\count95
\c@ifpos@cntr=\count96
\c@question=\count97
\c@partno=\count98
\c@subpart=\count99
\c@subsubpart=\count100
\c@choice=\count101
\c@numpoints=\count102
\c@pointsof@thisquestion=\count103
\c@numquestions=\count104
\c@numparts=\count105
\c@numsubparts=\count106
\c@numsubsubparts=\count107
\c@Curr@Page=\count108
\c@@pagepoints=\count109
\c@pageof@pagepoints=\count110
\c@latest@points=\count111
\pageinfo@commands=\toks14
\temp@toks=\toks15
\pagepoint@commands=\toks16
\point@toks=\toks17
\c@lbl@cntr=\count112
\marginpointssep=\skip55
\rightpointsmargin=\skip56
\answerlinelength=\skip57
\answerskip=\skip58
\linefillheight=\skip59
\linefillthickness=\skip60
\c@@iterator=\count113
\@cellwidth=\skip61
\c@numpgs@withpts=\count114
\saved@totalleftmargin=\dimen103
\@sollistdepth=\count115
\FrameRule=\dimen104
\FrameSep=\dimen105
)
(/usr/local/teTeX/share/texmf.tetex/tex/latex/listings/listings.sty
(/usr/local/teTeX/share/texmf.tetex/tex/latex/graphics/keyval.sty
Package: keyval 1999/03/16 v1.13 key=value parser (DPC)
\KV@toks@=\toks18
)
\lst@mode=\count116
\lst@gtempboxa=\box26
\lst@token=\toks19
\lst@length=\count117
\lst@currlwidth=\dimen106
\lst@column=\count118
\lst@pos=\count119
\lst@lostspace=\dimen107
\lst@width=\dimen108
\lst@newlines=\count120
\lst@lineno=\count121
\c@lstlisting=\count122
\lst@maxwidth=\dimen109

(/usr/local/teTeX/share/texmf.tetex/tex/latex/listings/lstpatch.sty
File: lstpatch.sty 2004/10/17 1.3b (Carsten Heinz)
)
(/usr/local/teTeX/share/texmf.tetex/tex/latex/listings/lstmisc.sty
File: lstmisc.sty 2004/09/07 1.3 (Carsten Heinz)
\c@lstnumber=\count123
\lst@skipnumbers=\count124
\lst@framebox=\box27
)
(/usr/local/teTeX/share/texmf.tetex/tex/latex/listings/listings.cfg
File: listings.cfg 2004/09/05 1.3 listings configuration
))
Package: listings 2004/10/17 1.3b (Carsten Heinz)

(/usr/local/teTeX/share/texmf.tetex/tex/latex/listings/lstlang1.sty
File: lstlang1.sty 2004/09/05 1.3 listings language file
)
(/Users/helmicmt/Library/texmf/tex/latex/pdfsync.sty
Package: pdfsync 2004/01/31 v0.6
\PDFPOS=\write3
\PDFSYNC@folio=\count125
\PDFSYNC@rder=\count126
)
(/usr/local/teTeX/share/texmf.tetex/tex/latex/subfigure/subfigure.sty
Package: subfigure 2002/07/30 v2.1.4 subfigure package
\subfigtopskip=\skip62
\subfigcapskip=\skip63
\subfigcaptopadj=\dimen110
\subfigbottomskip=\skip64
\subfigcapmargin=\dimen111
\subfiglabelskip=\skip65
\c@subfigure=\count127
\c@lofdepth=\count128
\c@subtable=\count129
\c@lotdepth=\count130

****************************************
* Local config file subfigure.cfg used *
****************************************
(/usr/local/teTeX/share/texmf.tetex/tex/latex/subfigure/subfigure.cfg)
\subfig@top=\skip66
\subfig@bottom=\skip67
)
(/usr/local/teTeX/share/texmf.tetex/tex/latex/graphics/graphicx.sty
Package: graphicx 1999/02/16 v1.0f Enhanced LaTeX Graphics (DPC,SPQR)

(/usr/local/teTeX/share/texmf.tetex/tex/latex/graphics/graphics.sty
Package: graphics 2001/07/07 v1.0n Standard LaTeX Graphics (DPC,SPQR)

(/usr/local/teTeX/share/texmf.tetex/tex/latex/graphics/trig.sty
Package: trig 1999/03/16 v1.09 sin cos tan (DPC)
)
(/usr/local/teTeX/share/texmf.tetex/tex/latex/graphics/graphics.cfg
File: graphics.cfg 2005/02/03 v1.3 graphics configuration of teTeX/TeXLive
)
Package graphics Info: Driver file: pdftex.def on input line 80.

(/usr/local/teTeX/share/texmf.tetex/tex/latex/graphics/pdftex.def
File: pdftex.def 2002/06/19 v0.03k graphics/color for pdftex
\Gread@gobject=\count131
))
\Gin@req@height=\dimen112
\Gin@req@width=\dimen113
)
(./csa274_final_exam.aux)
\openout1 = `csa274_final_exam.aux'.

LaTeX Font Info:    Checking defaults for OML/cmm/m/it on input line 48.
LaTeX Font Info:    ... okay on input line 48.
LaTeX Font Info:    Checking defaults for T1/cmr/m/n on input line 48.
LaTeX Font Info:    ... okay on input line 48.
LaTeX Font Info:    Checking defaults for OT1/cmr/m/n on input line 48.
LaTeX Font Info:    ... okay on input line 48.
LaTeX Font Info:    Checking defaults for OMS/cmsy/m/n on input line 48.
LaTeX Font Info:    ... okay on input line 48.
LaTeX Font Info:    Checking defaults for OMX/cmex/m/n on input line 48.
LaTeX Font Info:    ... okay on input line 48.
LaTeX Font Info:    Checking defaults for U/cmr/m/n on input line 48.
LaTeX Font Info:    ... okay on input line 48.
**** pdfsync.sty: Synchronization is enabled.
\openout3 = `csa274_final_exam.pdfsync'.

**** pdfsync.sty: Synchronizing par
**** pdfsync.sty: Synchronizing math
**** pdfsync.sty: Synchronizing hbox
**** pdfsync.sty: Synchronizing extra

(/usr/local/teTeX/share/texmf.tetex/tex/context/base/supp-pdf.tex
(/usr/local/teTeX/share/texmf.tetex/tex/context/base/supp-mis.tex
loading : Context Support Macros / Miscellaneous (2004.10.26)
\protectiondepth=\count132
\scratchcounter=\count133
\scratchtoks=\toks20
\scratchdimen=\dimen114
\scratchskip=\skip68
\scratchmuskip=\muskip10
\scratchbox=\box28
\scratchread=\read1
\scratchwrite=\write4
\zeropoint=\dimen115
\onepoint=\dimen116
\onebasepoint=\dimen117
\minusone=\count134
\thousandpoint=\dimen118
\onerealpoint=\dimen119
\emptytoks=\toks21
\nextbox=\box29
\nextdepth=\dimen120
\everyline=\toks22
\!!counta=\count135
\!!countb=\count136
\recursecounter=\count137
)
loading : Context Support Macros / PDF (2004.03.26)
\nofMPsegments=\count138
\nofMParguments=\count139
\MPscratchCnt=\count140
\MPscratchDim=\dimen121
\MPnumerator=\count141
\everyMPtoPDFconversion=\toks23
)
LaTeX Font Info:    External font `cmex10' loaded for size
(Font)              <10.95> on input line 56.
LaTeX Font Info:    External font `cmex10' loaded for size
(Font)              <8> on input line 56.
LaTeX Font Info:    External font `cmex10' loaded for size
(Font)              <6> on input line 56.
 (/usr/local/teTeX/share/texmf.tetex/tex/latex/listings/lstlang1.sty
File: lstlang1.sty 2004/09/05 1.3 listings language file
) [1{/usr/local/teTeX/share/texmf.local/fonts/map/pdftex/updmap/pdftex.map}

]
LaTeX Font Info:    Try loading font information for OML+cmr on input line 91.

(/usr/local/teTeX/share/texmf.tetex/tex/latex/base/omlcmr.fd
File: omlcmr.fd 1999/05/25 v2.5h Standard LaTeX font definitions
)
LaTeX Font Info:    Font shape `OML/cmr/m/n' in size <10.95> not available
(Font)              Font shape `OML/cmm/m/it' tried instead on input line 91.
LaTeX Font Info:    Try loading font information for OMS+cmr on input line 91.

(/usr/local/teTeX/share/texmf.tetex/tex/latex/base/omscmr.fd
File: omscmr.fd 1999/05/25 v2.5h Standard LaTeX font definitions
)
LaTeX Font Info:    Font shape `OMS/cmr/m/n' in size <10.95> not available
(Font)              Font shape `OMS/cmsy/m/n' tried instead on input line 91.

Underfull \hbox (badness 10000) in paragraph at lines 102--103

 []

[2] [3] <animals.pdf, id=32, 612.2875pt x 322.20375pt>
File: animals.pdf Graphic file (type pdf)
 <use animals.pdf>
[4 <./animals.pdf>] [5] [6] [7]
<final_rotate_question.pdf, id=102, 134.5025pt x 207.77625pt>
File: final_rotate_question.pdf Graphic file (type pdf)

<use final_rotate_question.pdf> [8 <./final_rotate_question.pdf>]
<final_sort_question.pdf, id=128, 413.545pt x 714.67pt>
File: final_sort_question.pdf Graphic file (type pdf)

<use final_sort_question.pdf> [9 <./final_sort_question.pdf>]
<final_graph_question.pdf, id=185, 484.81125pt x 436.63126pt>
File: final_graph_question.pdf Graphic file (type pdf)

<use final_graph_question.pdf> [10 <./final_graph_question.pdf>]
<final_mst_graph.pdf, id=230, 394.47375pt x 350.30875pt>
File: final_mst_graph.pdf Graphic file (type pdf)

<use final_mst_graph.pdf> [11 <./final_mst_graph.pdf>]
<final_game_question.pdf, id=256, 364.36125pt x 238.8925pt>
File: final_game_question.pdf Graphic file (type pdf)

<use final_game_question.pdf>
Underfull \hbox (badness 10000) in paragraph at lines 326--333

 []

[12 <./final_game_question.pdf>] [13]
Overfull \hbox (55.59622pt too wide) in paragraph at lines 445--445
 []  \OT1/cmtt/m/n/10.95 private static <T extends Comparable<T>> void merge(T[
] output, T[] left, T[] right) {[] 
 []

[14] [15] <final_23tree_insert.pdf, id=319, 355.3275pt x 124.465pt>
File: final_23tree_insert.pdf Graphic file (type pdf)

<use final_23tree_insert.pdf> [16 <./final_23tree_insert.pdf>]
This exam contains 15 questions with 12 parts, 0 subparts, and 0 subsubparts.
This exam has a total of 210 points.

Class exam Warning: Point totals have changed. Rerun to get point totals right.


(./csa274_final_exam.aux) ) 
Here is how much of TeX's memory you used:
 3238 strings out of 95217
 44337 string characters out of 1184538
 2093609 words of memory out of 4548444
 6341 multiletter control sequences out of 10000+50000
 7806 words of font info for 28 fonts, out of 2000000 for 2000
 58 hyphenation exceptions out of 1000
 27i,9n,45p,764b,1226s stack positions out of 5000i,500n,6000p,200000b,40000s
 367 PDF objects out of 300000
 0 named destinations out of 131072
 36 words of extra memory for PDF output out of 65536
</usr/local/teTeX/share/texmf.tetex/fonts/type1/blue
sky/cm/cmr8.pfb></usr/local/teTeX/share/texmf.tetex/fonts/type1/bluesky/cm/cmti
10.pfb></usr/local/teTeX/share/texmf.tetex/fonts/type1/bluesky/cm/cmtt10.pfb></
usr/local/teTeX/share/texmf.tetex/fonts/type1/bluesky/cm/cmsy10.pfb></usr/local
/teTeX/share/texmf.tetex/fonts/type1/bluesky/cm/cmmi10.pfb></usr/local/teTeX/sh
are/texmf.tetex/fonts/type1/bluesky/cm/cmbx10.pfb></usr/local/teTeX/share/texmf
.tetex/fonts/type1/bluesky/cm/cmr10.pfb></usr/local/teTeX/share/texmf.tetex/fon
ts/type1/bluesky/cm/cmbx12.pfb>
Output written on csa274_final_exam.pdf (16 pages, 249471 bytes).
