This is pdfTeX, Version 3.1415926-2.5-1.40.14 (TeX Live 2013/MacPorts 2013_3) (format=pdflatex 2013.9.5)  2 MAR 2014 12:20
entering extended mode
 restricted \write18 enabled.
 %&-line parsing enabled.
**finalExam_part02.tex
(./finalExam_part02.tex
LaTeX2e <2011/06/27>
Babel <3.9f> and hyphenation patterns for 43 languages loaded.

! LaTeX Error: File `exam.cls' not found.

Type X to quit or <RETURN> to proceed,
or enter new name. (Default extension: cls)

Enter file name: 
! Interruption.
<to be read again> 
                   }
l.2 \usepackage
               {listings}^^M
? 
! Emergency stop.
<to be read again> 
                   }
l.2 \usepackage
               {listings}^^M
End of file on the terminal!

 
Here is how much of TeX's memory you used:
 10 strings out of 494227
 223 string characters out of 6157705
 48213 words of memory out of 5000000
 3391 multiletter control sequences out of 15000+600000
 3640 words of font info for 14 fonts, out of 8000000 for 9000
 430 hyphenation exceptions out of 8191
 10i,0n,7p,58b,8s stack positions out of 5000i,500n,10000p,200000b,80000s
!  ==> Fatal error occurred, no output PDF file produced!
